<?xml version="1.0" encoding="UTF-8"?>
<!-- Generated by org.testng.reporters.JUnitXMLReporter -->
<testsuite hostname="DESKTOP-DMINAFR" ignored="0" name="Default test(failed)" tests="1" failures="1" timestamp="22 Jul 2021 20:39:09 GMT" time="0.018" errors="0">
  <testcase name="validUserShouldBeAbleToLogin" time="0.0" classname="test.LoginTest">
    <failure type="org.testng.TestNGException" message="
Parameter &amp;apos;username&amp;apos; is required by @Test on method validUserShouldBeAbleToLogin but has not been marked @Optional or defined
in C:\Aug2020_Selenium\XMLProject\test-output\testng-failed.xml">
      <![CDATA[org.testng.TestNGException: 
Parameter 'username' is required by @Test on method validUserShouldBeAbleToLogin but has not been marked @Optional or defined
in C:\Aug2020_Selenium\XMLProject\test-output\testng-failed.xml
... Removed 24 stack frames]]>
    </failure>
  </testcase> <!-- validUserShouldBeAbleToLogin -->
</testsuite> <!-- Default test(failed) -->
